2026-03-08 02:51:50,445 | leadparser.main      | INFO     | LeadParser started | log: logs\leadparser_20260308_025150.log
2026-03-08 02:51:51,101 | leadparser.main      | INFO     | Live log streaming active — job c113027c
2026-03-08 02:51:51,101 | leadparser.main      | INFO     | Distributing 100 leads across 3 niche+city combinations (~33 per combination, remainder: 1)
2026-03-08 02:51:52,120 | leadparser.supabase  | INFO     | Supabase client initialised
2026-03-08 02:51:52,121 | leadparser.supabase  | INFO     | Session 20260308_025152 | niches: ['food', 'barber shops', 'automotive'] | city: Vancouver
2026-03-08 02:51:52,130 | leadparser.main      | INFO     | Session #20260308_025152 | 3 niche(s) | 1 location(s) | 3 total combinations | target: 100 filtered leads
2026-03-08 02:51:52,275 | XHRGoogleMapsScraper | INFO     | XHR using direct connection (no proxy)
2026-03-08 02:51:52,275 | leadparser.main      | ERROR    | Scraping failed for 'food' in Vancouver: AsyncClient.__init__() got an unexpected keyword argument 'proxies'
Traceback (most recent call last):
  File "C:\Users\admin\Documents\cursor projects\leadparser\leadparser\main.py", line 740, in run_pipeline
    raw_leads = scraper.scrape_niche(
                ^^^^^^^^^^^^^^^^^^^^^
  File "C:\Users\admin\Documents\cursor projects\leadparser\leadparser\scrapers\xhr_scraper.py", line 182, in scrape_niche
    return asyncio.run(self._scrape_async(niche, location, on_progress))
           ^^^^^^^^^^^^^^^^^^^^^^^^^^^^^^^^^^^^^^^^^^^^^^^^^^^^^^^^^^^^^
  File "C:\Users\admin\AppData\Local\Programs\Python\Python312\Lib\asyncio\runners.py", line 195, in run
    return runner.run(main)
           ^^^^^^^^^^^^^^^^
  File "C:\Users\admin\AppData\Local\Programs\Python\Python312\Lib\asyncio\runners.py", line 118, in run
    return self._loop.run_until_complete(task)
           ^^^^^^^^^^^^^^^^^^^^^^^^^^^^^^^^^^^
  File "C:\Users\admin\AppData\Local\Programs\Python\Python312\Lib\asyncio\base_events.py", line 691, in run_until_complete
    return future.result()
           ^^^^^^^^^^^^^^^
  File "C:\Users\admin\Documents\cursor projects\leadparser\leadparser\scrapers\xhr_scraper.py", line 206, in _scrape_async
    async with httpx.AsyncClient(
               ^^^^^^^^^^^^^^^^^^
TypeError: AsyncClient.__init__() got an unexpected keyword argument 'proxies'
2026-03-08 02:51:52,278 | XHRGoogleMapsScraper | INFO     | XHR using direct connection (no proxy)
2026-03-08 02:51:52,406 | leadparser.main      | ERROR    | Scraping failed for 'barber shops' in Vancouver: AsyncClient.__init__() got an unexpected keyword argument 'proxies'
Traceback (most recent call last):
  File "C:\Users\admin\Documents\cursor projects\leadparser\leadparser\main.py", line 740, in run_pipeline
    raw_leads = scraper.scrape_niche(
                ^^^^^^^^^^^^^^^^^^^^^
  File "C:\Users\admin\Documents\cursor projects\leadparser\leadparser\scrapers\xhr_scraper.py", line 182, in scrape_niche
    return asyncio.run(self._scrape_async(niche, location, on_progress))
           ^^^^^^^^^^^^^^^^^^^^^^^^^^^^^^^^^^^^^^^^^^^^^^^^^^^^^^^^^^^^^
  File "C:\Users\admin\AppData\Local\Programs\Python\Python312\Lib\asyncio\runners.py", line 195, in run
    return runner.run(main)
           ^^^^^^^^^^^^^^^^
  File "C:\Users\admin\AppData\Local\Programs\Python\Python312\Lib\asyncio\runners.py", line 118, in run
    return self._loop.run_until_complete(task)
           ^^^^^^^^^^^^^^^^^^^^^^^^^^^^^^^^^^^
  File "C:\Users\admin\AppData\Local\Programs\Python\Python312\Lib\asyncio\base_events.py", line 691, in run_until_complete
    return future.result()
           ^^^^^^^^^^^^^^^
  File "C:\Users\admin\Documents\cursor projects\leadparser\leadparser\scrapers\xhr_scraper.py", line 206, in _scrape_async
    async with httpx.AsyncClient(
               ^^^^^^^^^^^^^^^^^^
TypeError: AsyncClient.__init__() got an unexpected keyword argument 'proxies'
2026-03-08 02:51:52,408 | XHRGoogleMapsScraper | INFO     | XHR using direct connection (no proxy)
2026-03-08 02:51:52,408 | leadparser.main      | ERROR    | Scraping failed for 'automotive' in Vancouver: AsyncClient.__init__() got an unexpected keyword argument 'proxies'
Traceback (most recent call last):
  File "C:\Users\admin\Documents\cursor projects\leadparser\leadparser\main.py", line 740, in run_pipeline
    raw_leads = scraper.scrape_niche(
                ^^^^^^^^^^^^^^^^^^^^^
  File "C:\Users\admin\Documents\cursor projects\leadparser\leadparser\scrapers\xhr_scraper.py", line 182, in scrape_niche
    return asyncio.run(self._scrape_async(niche, location, on_progress))
           ^^^^^^^^^^^^^^^^^^^^^^^^^^^^^^^^^^^^^^^^^^^^^^^^^^^^^^^^^^^^^
  File "C:\Users\admin\AppData\Local\Programs\Python\Python312\Lib\asyncio\runners.py", line 195, in run
    return runner.run(main)
           ^^^^^^^^^^^^^^^^
  File "C:\Users\admin\AppData\Local\Programs\Python\Python312\Lib\asyncio\runners.py", line 118, in run
    return self._loop.run_until_complete(task)
           ^^^^^^^^^^^^^^^^^^^^^^^^^^^^^^^^^^^
  File "C:\Users\admin\AppData\Local\Programs\Python\Python312\Lib\asyncio\base_events.py", line 691, in run_until_complete
    return future.result()
           ^^^^^^^^^^^^^^^
  File "C:\Users\admin\Documents\cursor projects\leadparser\leadparser\scrapers\xhr_scraper.py", line 206, in _scrape_async
    async with httpx.AsyncClient(
               ^^^^^^^^^^^^^^^^^^
TypeError: AsyncClient.__init__() got an unexpected keyword argument 'proxies'
2026-03-08 02:51:52,409 | leadparser.main      | INFO     |   Pass 1 result: 0/100 leads pass filters
2026-03-08 02:51:52,409 | leadparser.main      | INFO     |   Retry pass 2/3: raising raw ceiling to 660 to collect more matches
2026-03-08 02:51:52,410 | XHRGoogleMapsScraper | INFO     | XHR using direct connection (no proxy)
2026-03-08 02:51:52,410 | leadparser.main      | ERROR    | Scraping failed for 'food' in Vancouver: AsyncClient.__init__() got an unexpected keyword argument 'proxies'
Traceback (most recent call last):
  File "C:\Users\admin\Documents\cursor projects\leadparser\leadparser\main.py", line 740, in run_pipeline
    raw_leads = scraper.scrape_niche(
                ^^^^^^^^^^^^^^^^^^^^^
  File "C:\Users\admin\Documents\cursor projects\leadparser\leadparser\scrapers\xhr_scraper.py", line 182, in scrape_niche
    return asyncio.run(self._scrape_async(niche, location, on_progress))
           ^^^^^^^^^^^^^^^^^^^^^^^^^^^^^^^^^^^^^^^^^^^^^^^^^^^^^^^^^^^^^
  File "C:\Users\admin\AppData\Local\Programs\Python\Python312\Lib\asyncio\runners.py", line 195, in run
    return runner.run(main)
           ^^^^^^^^^^^^^^^^
  File "C:\Users\admin\AppData\Local\Programs\Python\Python312\Lib\asyncio\runners.py", line 118, in run
    return self._loop.run_until_complete(task)
           ^^^^^^^^^^^^^^^^^^^^^^^^^^^^^^^^^^^
  File "C:\Users\admin\AppData\Local\Programs\Python\Python312\Lib\asyncio\base_events.py", line 691, in run_until_complete
    return future.result()
           ^^^^^^^^^^^^^^^
  File "C:\Users\admin\Documents\cursor projects\leadparser\leadparser\scrapers\xhr_scraper.py", line 206, in _scrape_async
    async with httpx.AsyncClient(
               ^^^^^^^^^^^^^^^^^^
TypeError: AsyncClient.__init__() got an unexpected keyword argument 'proxies'
2026-03-08 02:51:52,411 | XHRGoogleMapsScraper | INFO     | XHR using direct connection (no proxy)
2026-03-08 02:51:52,545 | leadparser.main      | ERROR    | Scraping failed for 'barber shops' in Vancouver: AsyncClient.__init__() got an unexpected keyword argument 'proxies'
Traceback (most recent call last):
  File "C:\Users\admin\Documents\cursor projects\leadparser\leadparser\main.py", line 740, in run_pipeline
    raw_leads = scraper.scrape_niche(
                ^^^^^^^^^^^^^^^^^^^^^
  File "C:\Users\admin\Documents\cursor projects\leadparser\leadparser\scrapers\xhr_scraper.py", line 182, in scrape_niche
    return asyncio.run(self._scrape_async(niche, location, on_progress))
           ^^^^^^^^^^^^^^^^^^^^^^^^^^^^^^^^^^^^^^^^^^^^^^^^^^^^^^^^^^^^^
  File "C:\Users\admin\AppData\Local\Programs\Python\Python312\Lib\asyncio\runners.py", line 195, in run
    return runner.run(main)
           ^^^^^^^^^^^^^^^^
  File "C:\Users\admin\AppData\Local\Programs\Python\Python312\Lib\asyncio\runners.py", line 118, in run
    return self._loop.run_until_complete(task)
           ^^^^^^^^^^^^^^^^^^^^^^^^^^^^^^^^^^^
  File "C:\Users\admin\AppData\Local\Programs\Python\Python312\Lib\asyncio\base_events.py", line 691, in run_until_complete
    return future.result()
           ^^^^^^^^^^^^^^^
  File "C:\Users\admin\Documents\cursor projects\leadparser\leadparser\scrapers\xhr_scraper.py", line 206, in _scrape_async
    async with httpx.AsyncClient(
               ^^^^^^^^^^^^^^^^^^
TypeError: AsyncClient.__init__() got an unexpected keyword argument 'proxies'
2026-03-08 02:51:52,546 | XHRGoogleMapsScraper | INFO     | XHR using direct connection (no proxy)
2026-03-08 02:51:52,547 | leadparser.main      | ERROR    | Scraping failed for 'automotive' in Vancouver: AsyncClient.__init__() got an unexpected keyword argument 'proxies'
Traceback (most recent call last):
  File "C:\Users\admin\Documents\cursor projects\leadparser\leadparser\main.py", line 740, in run_pipeline
    raw_leads = scraper.scrape_niche(
                ^^^^^^^^^^^^^^^^^^^^^
  File "C:\Users\admin\Documents\cursor projects\leadparser\leadparser\scrapers\xhr_scraper.py", line 182, in scrape_niche
    return asyncio.run(self._scrape_async(niche, location, on_progress))
           ^^^^^^^^^^^^^^^^^^^^^^^^^^^^^^^^^^^^^^^^^^^^^^^^^^^^^^^^^^^^^
  File "C:\Users\admin\AppData\Local\Programs\Python\Python312\Lib\asyncio\runners.py", line 195, in run
    return runner.run(main)
           ^^^^^^^^^^^^^^^^
  File "C:\Users\admin\AppData\Local\Programs\Python\Python312\Lib\asyncio\runners.py", line 118, in run
    return self._loop.run_until_complete(task)
           ^^^^^^^^^^^^^^^^^^^^^^^^^^^^^^^^^^^
  File "C:\Users\admin\AppData\Local\Programs\Python\Python312\Lib\asyncio\base_events.py", line 691, in run_until_complete
    return future.result()
           ^^^^^^^^^^^^^^^
  File "C:\Users\admin\Documents\cursor projects\leadparser\leadparser\scrapers\xhr_scraper.py", line 206, in _scrape_async
    async with httpx.AsyncClient(
               ^^^^^^^^^^^^^^^^^^
TypeError: AsyncClient.__init__() got an unexpected keyword argument 'proxies'
2026-03-08 02:51:52,548 | leadparser.main      | INFO     |   Pass 2 result: 0/100 leads pass filters
2026-03-08 02:51:52,548 | leadparser.main      | INFO     |   Retry pass 3/3: raising raw ceiling to 660 to collect more matches
2026-03-08 02:51:52,549 | XHRGoogleMapsScraper | INFO     | XHR using direct connection (no proxy)
2026-03-08 02:51:52,549 | leadparser.main      | ERROR    | Scraping failed for 'food' in Vancouver: AsyncClient.__init__() got an unexpected keyword argument 'proxies'
Traceback (most recent call last):
  File "C:\Users\admin\Documents\cursor projects\leadparser\leadparser\main.py", line 740, in run_pipeline
    raw_leads = scraper.scrape_niche(
                ^^^^^^^^^^^^^^^^^^^^^
  File "C:\Users\admin\Documents\cursor projects\leadparser\leadparser\scrapers\xhr_scraper.py", line 182, in scrape_niche
    return asyncio.run(self._scrape_async(niche, location, on_progress))
           ^^^^^^^^^^^^^^^^^^^^^^^^^^^^^^^^^^^^^^^^^^^^^^^^^^^^^^^^^^^^^
  File "C:\Users\admin\AppData\Local\Programs\Python\Python312\Lib\asyncio\runners.py", line 195, in run
    return runner.run(main)
           ^^^^^^^^^^^^^^^^
  File "C:\Users\admin\AppData\Local\Programs\Python\Python312\Lib\asyncio\runners.py", line 118, in run
    return self._loop.run_until_complete(task)
           ^^^^^^^^^^^^^^^^^^^^^^^^^^^^^^^^^^^
  File "C:\Users\admin\AppData\Local\Programs\Python\Python312\Lib\asyncio\base_events.py", line 691, in run_until_complete
    return future.result()
           ^^^^^^^^^^^^^^^
  File "C:\Users\admin\Documents\cursor projects\leadparser\leadparser\scrapers\xhr_scraper.py", line 206, in _scrape_async
    async with httpx.AsyncClient(
               ^^^^^^^^^^^^^^^^^^
TypeError: AsyncClient.__init__() got an unexpected keyword argument 'proxies'
2026-03-08 02:51:52,551 | XHRGoogleMapsScraper | INFO     | XHR using direct connection (no proxy)
2026-03-08 02:51:52,680 | leadparser.main      | ERROR    | Scraping failed for 'barber shops' in Vancouver: AsyncClient.__init__() got an unexpected keyword argument 'proxies'
Traceback (most recent call last):
  File "C:\Users\admin\Documents\cursor projects\leadparser\leadparser\main.py", line 740, in run_pipeline
    raw_leads = scraper.scrape_niche(
                ^^^^^^^^^^^^^^^^^^^^^
  File "C:\Users\admin\Documents\cursor projects\leadparser\leadparser\scrapers\xhr_scraper.py", line 182, in scrape_niche
    return asyncio.run(self._scrape_async(niche, location, on_progress))
           ^^^^^^^^^^^^^^^^^^^^^^^^^^^^^^^^^^^^^^^^^^^^^^^^^^^^^^^^^^^^^
  File "C:\Users\admin\AppData\Local\Programs\Python\Python312\Lib\asyncio\runners.py", line 195, in run
    return runner.run(main)
           ^^^^^^^^^^^^^^^^
  File "C:\Users\admin\AppData\Local\Programs\Python\Python312\Lib\asyncio\runners.py", line 118, in run
    return self._loop.run_until_complete(task)
           ^^^^^^^^^^^^^^^^^^^^^^^^^^^^^^^^^^^
  File "C:\Users\admin\AppData\Local\Programs\Python\Python312\Lib\asyncio\base_events.py", line 691, in run_until_complete
    return future.result()
           ^^^^^^^^^^^^^^^
  File "C:\Users\admin\Documents\cursor projects\leadparser\leadparser\scrapers\xhr_scraper.py", line 206, in _scrape_async
    async with httpx.AsyncClient(
               ^^^^^^^^^^^^^^^^^^
TypeError: AsyncClient.__init__() got an unexpected keyword argument 'proxies'
2026-03-08 02:51:52,682 | XHRGoogleMapsScraper | INFO     | XHR using direct connection (no proxy)
2026-03-08 02:51:52,682 | leadparser.main      | ERROR    | Scraping failed for 'automotive' in Vancouver: AsyncClient.__init__() got an unexpected keyword argument 'proxies'
Traceback (most recent call last):
  File "C:\Users\admin\Documents\cursor projects\leadparser\leadparser\main.py", line 740, in run_pipeline
    raw_leads = scraper.scrape_niche(
                ^^^^^^^^^^^^^^^^^^^^^
  File "C:\Users\admin\Documents\cursor projects\leadparser\leadparser\scrapers\xhr_scraper.py", line 182, in scrape_niche
    return asyncio.run(self._scrape_async(niche, location, on_progress))
           ^^^^^^^^^^^^^^^^^^^^^^^^^^^^^^^^^^^^^^^^^^^^^^^^^^^^^^^^^^^^^
  File "C:\Users\admin\AppData\Local\Programs\Python\Python312\Lib\asyncio\runners.py", line 195, in run
    return runner.run(main)
           ^^^^^^^^^^^^^^^^
  File "C:\Users\admin\AppData\Local\Programs\Python\Python312\Lib\asyncio\runners.py", line 118, in run
    return self._loop.run_until_complete(task)
           ^^^^^^^^^^^^^^^^^^^^^^^^^^^^^^^^^^^
  File "C:\Users\admin\AppData\Local\Programs\Python\Python312\Lib\asyncio\base_events.py", line 691, in run_until_complete
    return future.result()
           ^^^^^^^^^^^^^^^
  File "C:\Users\admin\Documents\cursor projects\leadparser\leadparser\scrapers\xhr_scraper.py", line 206, in _scrape_async
    async with httpx.AsyncClient(
               ^^^^^^^^^^^^^^^^^^
TypeError: AsyncClient.__init__() got an unexpected keyword argument 'proxies'
2026-03-08 02:51:52,683 | leadparser.main      | INFO     |   Pass 3 result: 0/100 leads pass filters
2026-03-08 02:51:52,684 | leadparser.main      | WARNING  | Exhausted 3 passes — 0/100 filtered leads available.
2026-03-08 02:51:52,822 | leadparser.main      | INFO     | Filters applied: 0 raw -> 0 passed
2026-03-08 02:51:53,087 | leadparser.main      | INFO     | Supabase insert: 0 new, 0 dupes, 0 errors
2026-03-08 02:51:53,903 | leadparser.main      | INFO     | CSV export: 57 leads -> data\leads_20260308_025153.csv
2026-03-08 02:51:54,044 | leadparser.supabase  | INFO     | Session complete | stats: {'niches': 3, 'cities': 1, 'combinations': 3, 'raw_total': 0, 'total': 0, 'new': 0, 'duplicates': 0, 'errors': 9, 'csv_path': 'data\\leads_20260308_025153.csv'}
2026-03-08 02:51:54,178 | leadparser.main      | INFO     | Total runtime: 3s
