2026-03-08 00:15:44,326 | leadparser.main      | INFO     | LeadParser started | log: logs\leadparser_20260308_001544.log
2026-03-08 00:15:44,950 | leadparser.main      | INFO     | Live log streaming active — job c57bfbcd
2026-03-08 00:15:45,855 | leadparser.supabase  | INFO     | Supabase client initialised
2026-03-08 00:15:45,855 | leadparser.supabase  | INFO     | Session 20260308_001545 | niches: ['food'] | city: Edmonton
2026-03-08 00:15:45,855 | leadparser.main      | INFO     | Session #20260308_001545 | 1 niche(s) | location: Edmonton, Alberta | target: 50 filtered leads
2026-03-08 00:15:51,405 | uc                   | INFO     | setting properties for headless
2026-03-08 00:15:51,642 | GoogleMapsScraper    | INFO     | Browser started (undetected-chromedriver)
2026-03-08 00:15:51,642 | GoogleMapsScraper    | INFO     | Searching Google Maps: 'food in Edmonton, Alberta'
2026-03-08 00:16:29,827 | GoogleMapsScraper    | INFO     |   'food': +66 listings (total unique: 66/200)
2026-03-08 00:16:30,062 | GoogleMapsScraper    | INFO     | Searching Google Maps: 'restaurants in Edmonton, Alberta'
2026-03-08 00:17:09,163 | GoogleMapsScraper    | INFO     |   'restaurants': +28 listings (total unique: 94/200)
2026-03-08 00:17:09,390 | GoogleMapsScraper    | INFO     | Searching Google Maps: 'diners in Edmonton, Alberta'
2026-03-08 00:17:47,721 | GoogleMapsScraper    | INFO     |   'diners': +41 listings (total unique: 135/200)
2026-03-08 00:17:47,951 | GoogleMapsScraper    | INFO     | Searching Google Maps: 'eateries in Edmonton, Alberta'
2026-03-08 00:17:55,818 | GoogleMapsScraper    | INFO     |   'eateries': +0 listings (total unique: 135/200)
2026-03-08 00:17:56,030 | GoogleMapsScraper    | INFO     | Searching Google Maps: 'food shops in Edmonton, Alberta'
2026-03-08 00:18:29,614 | GoogleMapsScraper    | INFO     | Collected 65 new listings — stopping scroll
2026-03-08 00:18:29,830 | GoogleMapsScraper    | INFO     |   'food shops': +65 listings (total unique: 200/200)
2026-03-08 00:18:29,830 | GoogleMapsScraper    | INFO     | Collected 200 unique listings for 'food' across 10 search terms
2026-03-08 00:18:29,830 | GoogleMapsScraper    | INFO     |   [1/200] Extracting: https://www.google.com/maps/place/Rice+Bowl+Deluxe/data=!4m7!3m6!1s0x53a021bd086…
2026-03-08 00:18:37,895 | GoogleMapsScraper    | INFO     |   [2/200] Extracting: https://www.google.com/maps/place/Let%27s+Smash+Burger+and+Shakes/data=!4m7!3m6!…
2026-03-08 00:18:44,335 | GoogleMapsScraper    | INFO     |   [3/200] Extracting: https://www.google.com/maps/place/Culinary+Unicorn+Kitchen+%26+Bar/data=!4m7!3m6…
2026-03-08 00:18:51,107 | GoogleMapsScraper    | INFO     |   [4/200] Extracting: https://www.google.com/maps/place/Fattoush/data=!4m7!3m6!1s0x53a023c97fc3650b:0x…
2026-03-08 00:18:59,630 | GoogleMapsScraper    | INFO     |   [5/200] Extracting: https://www.google.com/maps/place/Bianco/data=!4m7!3m6!1s0x53a0237d055f5349:0xff…
2026-03-08 00:19:08,207 | GoogleMapsScraper    | INFO     |   [6/200] Extracting: https://www.google.com/maps/place/The+Backyard+Smokehouse/data=!4m7!3m6!1s0x53a0…
2026-03-08 00:19:14,968 | GoogleMapsScraper    | INFO     |   [7/200] Extracting: https://www.google.com/maps/place/JINYA+Ramen+Bar+-+Edmonton/data=!4m7!3m6!1s0x5…
2026-03-08 00:19:21,797 | GoogleMapsScraper    | INFO     |   [8/200] Extracting: https://www.google.com/maps/place/May/data=!4m7!3m6!1s0x53a0236cab3c49df:0xc0a72…
2026-03-08 00:19:31,782 | GoogleMapsScraper    | INFO     |   [9/200] Extracting: https://www.google.com/maps/place/A%C3%B1ejo+Restaurant/data=!4m7!3m6!1s0x53a023…
2026-03-08 00:19:39,864 | GoogleMapsScraper    | INFO     |   [10/200] Extracting: https://www.google.com/maps/place/Arbour+on+Whyte/data=!4m7!3m6!1s0x53a0231d6b60…
2026-03-08 00:19:47,491 | GoogleMapsScraper    | INFO     |   [11/200] Extracting: https://www.google.com/maps/place/DaDeO/data=!4m7!3m6!1s0x53a0220535001db1:0x8d7…
2026-03-08 00:19:55,319 | GoogleMapsScraper    | INFO     |   [12/200] Extracting: https://www.google.com/maps/place/Aliments+Kitchen/data=!4m7!3m6!1s0x53a021cdc23…
2026-03-08 00:20:03,784 | GoogleMapsScraper    | INFO     |   [13/200] Extracting: https://www.google.com/maps/place/Bernadette%E2%80%99s/data=!4m7!3m6!1s0x53a0230…
2026-03-08 00:20:18,624 | GoogleMapsScraper    | INFO     |   [14/200] Extracting: https://www.google.com/maps/place/The+Grillcraft+Co./data=!4m7!3m6!1s0x53a0235f8…
2026-03-08 00:20:26,516 | GoogleMapsScraper    | INFO     |   [15/200] Extracting: https://www.google.com/maps/place/The+Grill+House+%2B+bar/data=!4m7!3m6!1s0x53a0…
2026-03-08 00:20:33,947 | GoogleMapsScraper    | INFO     |   [16/200] Extracting: https://www.google.com/maps/place/A+Food+Fair+Restaurant/data=!4m7!3m6!1s0x53a02…
2026-03-08 00:20:41,341 | GoogleMapsScraper    | INFO     |   [17/200] Extracting: https://www.google.com/maps/place/Bistro+Praha/data=!4m7!3m6!1s0x53a02246726bf74…
2026-03-08 00:20:47,113 | GoogleMapsScraper    | INFO     |   [18/200] Extracting: https://www.google.com/maps/place/Dogpatch/data=!4m7!3m6!1s0x53a023f6604bc969:0x…
2026-03-08 00:21:01,333 | GoogleMapsScraper    | INFO     |   [19/200] Extracting: https://www.google.com/maps/place/Off+Campus/data=!4m7!3m6!1s0x53a021ff2827d9af:…
2026-03-08 00:21:08,896 | GoogleMapsScraper    | INFO     |   [20/200] Extracting: https://www.google.com/maps/place/Zula+Kitchen+%7C+Wine+Bar/data=!4m7!3m6!1s0x53…
2026-03-08 00:21:17,276 | GoogleMapsScraper    | INFO     |   [21/200] Extracting: https://www.google.com/maps/place/The+Workshop+Eatery/data=!4m7!3m6!1s0x53a01c26…
2026-03-08 00:21:24,605 | GoogleMapsScraper    | INFO     |   [22/200] Extracting: https://www.google.com/maps/place/JOEY+Bell+Tower/data=!4m7!3m6!1s0x53a0224f3d64…
2026-03-08 00:21:37,364 | GoogleMapsScraper    | INFO     |   [23/200] Extracting: https://www.google.com/maps/place/District+102/data=!4m7!3m6!1s0x53a02248b6fa87d…
2026-03-08 00:21:46,910 | GoogleMapsScraper    | INFO     |   [24/200] Extracting: https://www.google.com/maps/place/Marcos+Famous/data=!4m7!3m6!1s0x53a02234137d5f…
2026-03-08 00:21:59,433 | GoogleMapsScraper    | INFO     |   [25/200] Extracting: https://www.google.com/maps/place/Inasal+Grill+Avenue/data=!4m7!3m6!1s0x53a023c2…
2026-03-08 00:22:08,451 | GoogleMapsScraper    | INFO     |   [26/200] Extracting: https://www.google.com/maps/place/Homefire+Grill/data=!4m7!3m6!1s0x53a020efb4ec4…
2026-03-08 00:22:24,481 | GoogleMapsScraper    | INFO     |   [27/200] Extracting: https://www.google.com/maps/place/Refinery+Grill/data=!4m7!3m6!1s0x53a0211c216bb…
2026-03-08 00:22:36,524 | GoogleMapsScraper    | INFO     |   [28/200] Extracting: https://www.google.com/maps/place/Meat+The+Bun/data=!4m7!3m6!1s0x53a01d8a4ddf091…
2026-03-08 00:22:44,979 | GoogleMapsScraper    | INFO     |   [29/200] Extracting: https://www.google.com/maps/place/El+Jardin/data=!4m7!3m6!1s0x53a0232a34ab838d:0…
2026-03-08 00:23:00,257 | GoogleMapsScraper    | INFO     |   [30/200] Extracting: https://www.google.com/maps/place/Taste+Of+Persia+Restaurant/data=!4m7!3m6!1s0x5…
2026-03-08 00:23:10,856 | GoogleMapsScraper    | INFO     |   [31/200] Extracting: https://www.google.com/maps/place/Smoke%27s+Poutinerie+Edmonton/data=!4m7!3m6!1s…
2026-03-08 00:23:24,113 | GoogleMapsScraper    | INFO     |   [32/200] Extracting: https://www.google.com/maps/place/Mukja+K-street+food/data=!4m7!3m6!1s0x53a02219…
2026-03-08 00:23:33,405 | GoogleMapsScraper    | INFO     |   [33/200] Extracting: https://www.google.com/maps/place/The+Whiskey+Barn+-+Honky+Tonk+and+Smoke+BBQ/da…
2026-03-08 00:23:40,387 | GoogleMapsScraper    | INFO     |   [34/200] Extracting: https://www.google.com/maps/place/Ola%27s+Dining+Nigerian+Kitchen+%7B+NO+DINE+IN…
2026-03-08 00:23:47,010 | GoogleMapsScraper    | INFO     |   [35/200] Extracting: https://www.google.com/maps/place/Little+Village/data=!4m7!3m6!1s0x53a02174a4820…
2026-03-08 00:23:55,111 | GoogleMapsScraper    | INFO     |   [36/200] Extracting: https://www.google.com/maps/place/Vaticano+Cucina/data=!4m7!3m6!1s0x53a01f35ad03…
2026-03-08 00:24:04,253 | GoogleMapsScraper    | INFO     |   [37/200] Extracting: https://www.google.com/maps/place/Match+Eatery+%26+Public+House/data=!4m7!3m6!1s…
2026-03-08 00:24:11,722 | GoogleMapsScraper    | INFO     |   [38/200] Extracting: https://www.google.com/maps/place/Saz%C3%B3n+Venezuelan+food/data=!4m7!3m6!1s0x5…
2026-03-08 00:24:29,865 | GoogleMapsScraper    | INFO     |   [39/200] Extracting: https://www.google.com/maps/place/Highlevel+Diner/data=!4m7!3m6!1s0x53a022193cfc…
2026-03-08 00:24:38,583 | GoogleMapsScraper    | INFO     |   [40/200] Extracting: https://www.google.com/maps/place/The+Old+Spaghetti+Factory+%28Downtown+Edmonton…
2026-03-08 00:24:46,622 | GoogleMapsScraper    | INFO     |   [41/200] Extracting: https://www.google.com/maps/place/Cork+%26+Barley/data=!4m7!3m6!1s0x53a03d8aa0d1…
2026-03-08 00:24:56,442 | GoogleMapsScraper    | INFO     |   [42/200] Extracting: https://www.google.com/maps/place/Jamaican+Jerk+Shak/data=!4m7!3m6!1s0x53a021e21…
2026-03-08 00:25:05,435 | GoogleMapsScraper    | INFO     |   [43/200] Extracting: https://www.google.com/maps/place/Yemen+Kitchen+Ltd/data=!4m7!3m6!1s0x53a019f95f…
2026-03-08 00:25:12,583 | GoogleMapsScraper    | INFO     |   [44/200] Extracting: https://www.google.com/maps/place/Montana%E2%80%99s+BBQ+%26+Bar/data=!4m7!3m6!1s…
2026-03-08 00:25:19,435 | GoogleMapsScraper    | INFO     |   [45/200] Extracting: https://www.google.com/maps/place/Melting+Pot/data=!4m7!3m6!1s0x53a01ed8d7f73897…
2026-03-08 00:25:29,939 | GoogleMapsScraper    | INFO     |   [46/200] Extracting: https://www.google.com/maps/place/Rockin%27+Robyn%27s/data=!4m7!3m6!1s0x53a0213d…
2026-03-08 00:25:48,686 | GoogleMapsScraper    | INFO     |   [47/200] Extracting: https://www.google.com/maps/place/Flat+Boy+Burgers/data=!4m7!3m6!1s0x53a0195f196…
2026-03-08 00:26:03,942 | GoogleMapsScraper    | INFO     |   [48/200] Extracting: https://www.google.com/maps/place/The+Three+Amigos/data=!4m7!3m6!1s0x53a01f3bbb4…
2026-03-08 00:26:15,333 | GoogleMapsScraper    | INFO     |   [49/200] Extracting: https://www.google.com/maps/place/MOMO+Kitchen+Edmonton/data=!4m7!3m6!1s0x53a01f…
2026-03-08 00:26:30,157 | GoogleMapsScraper    | INFO     |   [50/200] Extracting: https://www.google.com/maps/place/Sugarbowl/data=!4m7!3m6!1s0x53a022193b2fbdd1:0…
2026-03-08 00:26:42,977 | GoogleMapsScraper    | INFO     |   [51/200] Extracting: https://www.google.com/maps/place/Original+Joe%27s/data=!4m7!3m6!1s0x53a0222aee1…
2026-03-08 00:26:54,320 | GoogleMapsScraper    | INFO     |   [52/200] Extracting: https://www.google.com/maps/place/Muggnz+Family+Restaurant/data=!4m7!3m6!1s0x53a…
2026-03-08 00:27:05,742 | GoogleMapsScraper    | INFO     |   [53/200] Extracting: https://www.google.com/maps/place/Woodshed+Burgers/data=!4m7!3m6!1s0x53a02364b45…
2026-03-08 00:27:12,767 | GoogleMapsScraper    | INFO     |   [54/200] Extracting: https://www.google.com/maps/place/Pharaohs+Restaurant/data=!4m7!3m6!1s0x53a01f5b…
2026-03-08 00:27:32,778 | GoogleMapsScraper    | INFO     |   [55/200] Extracting: https://www.google.com/maps/place/El+Furniture+Warehouse+-+Edmonton/data=!4m7!3m…
2026-03-08 00:27:42,481 | GoogleMapsScraper    | INFO     |   [56/200] Extracting: https://www.google.com/maps/place/Eat+%26+Dip/data=!4m7!3m6!1s0x53a0256ecacc26fd…
2026-03-08 00:27:48,868 | GoogleMapsScraper    | INFO     |   [57/200] Extracting: https://www.google.com/maps/place/Padmanadi/data=!4m7!3m6!1s0x53a0224d64b96cd9:0…
2026-03-08 00:27:59,494 | GoogleMapsScraper    | INFO     |   [58/200] Extracting: https://www.google.com/maps/place/Uncle+Ed%27s+Restaurant/data=!4m7!3m6!1s0x53a0…
2026-03-08 00:28:10,533 | GoogleMapsScraper    | INFO     |   [59/200] Extracting: https://www.google.com/maps/place/Eleven+Eleven+Kitchen+%26+Bar/data=!4m7!3m6!1s…
2026-03-08 00:28:24,006 | GoogleMapsScraper    | INFO     |   [60/200] Extracting: https://www.google.com/maps/place/Double+Greeting+Won+Ton+House/data=!4m7!3m6!1s…
2026-03-08 00:28:32,225 | GoogleMapsScraper    | INFO     |   [61/200] Extracting: https://www.google.com/maps/place/LOCAL+Public+Eatery+Jasper+Ave/data=!4m7!3m6!1…
2026-03-08 00:28:40,125 | GoogleMapsScraper    | INFO     |   [62/200] Extracting: https://www.google.com/maps/place/Meat+The+Bun+Bar+%26+Bistro/data=!4m7!3m6!1s0x…
2026-03-08 00:28:52,983 | GoogleMapsScraper    | INFO     |   [63/200] Extracting: https://www.google.com/maps/place/Woodwork/data=!4m7!3m6!1s0x53a02245be4c9a55:0x…
2026-03-08 00:29:01,549 | GoogleMapsScraper    | INFO     |   [64/200] Extracting: https://www.google.com/maps/place/Cafe+Amore+Bistro/data=!4m7!3m6!1s0x53a0230dc5…
2026-03-08 00:29:11,068 | GoogleMapsScraper    | INFO     |   [65/200] Extracting: https://www.google.com/maps/place/Jerusalem+Shawarma+Downtown/data=!4m7!3m6!1s0x…
2026-03-08 00:29:21,005 | GoogleMapsScraper    | INFO     |   [66/200] Extracting: https://www.google.com/maps/place/SUGBA+by+Food-D%27Licious/data=!4m7!3m6!1s0x53…
2026-03-08 00:29:32,253 | GoogleMapsScraper    | INFO     |   [67/200] Extracting: https://www.google.com/maps/place/The+Second+Chef/data=!4m7!3m6!1s0x53a01efe82cc…
2026-03-08 00:29:43,293 | GoogleMapsScraper    | INFO     |   [68/200] Extracting: https://www.google.com/maps/place/Darling/data=!4m7!3m6!1s0x53a023f2f6b3ca23:0xa…
2026-03-08 00:29:53,505 | GoogleMapsScraper    | INFO     |   [69/200] Extracting: https://www.google.com/maps/place/Happy+and+Olive/data=!4m7!3m6!1s0x53a02141cf08…
2026-03-08 00:30:07,198 | GoogleMapsScraper    | INFO     |   [70/200] Extracting: https://www.google.com/maps/place/Evario+Kitchen+%2B+Bar/data=!4m7!3m6!1s0x53a01…
2026-03-08 00:30:25,053 | GoogleMapsScraper    | INFO     |   [71/200] Extracting: https://www.google.com/maps/place/Little+Wolf+Restaurant/data=!4m7!3m6!1s0x53a02…
2026-03-08 00:30:35,080 | GoogleMapsScraper    | INFO     |   [72/200] Extracting: https://www.google.com/maps/place/Flame+%26+Barrel+Restaurant+and+Bar/data=!4m7!…
2026-03-08 00:30:44,619 | GoogleMapsScraper    | INFO     |   [73/200] Extracting: https://www.google.com/maps/place/Sabor+Restaurant/data=!4m7!3m6!1s0x53a0224890e…
2026-03-08 00:30:53,764 | GoogleMapsScraper    | INFO     |   [74/200] Extracting: https://www.google.com/maps/place/La+Ronde+Revolving+Restaurant/data=!4m7!3m6!1s…
2026-03-08 00:31:01,594 | GoogleMapsScraper    | INFO     |   [75/200] Extracting: https://www.google.com/maps/place/Royal+Restaurant/data=!4m7!3m6!1s0x53a023265c4…
2026-03-08 00:31:22,761 | GoogleMapsScraper    | INFO     |   [76/200] Extracting: https://www.google.com/maps/place/Bodega+Ellerslie/data=!4m7!3m6!1s0x53a01f00597…
2026-03-08 00:31:33,472 | GoogleMapsScraper    | INFO     |   [77/200] Extracting: https://www.google.com/maps/place/JOEY+Mayfield/data=!4m7!3m6!1s0x53a0211cfd54c2…
2026-03-08 00:31:43,176 | GoogleMapsScraper    | INFO     |   [78/200] Extracting: https://www.google.com/maps/place/MEAT/data=!4m7!3m6!1s0x53a0220fdc661e57:0x99e6…
2026-03-08 00:31:52,872 | GoogleMapsScraper    | INFO     |   [79/200] Extracting: https://www.google.com/maps/place/Pip/data=!4m7!3m6!1s0x53a0220fde998bdd:0x20437…
2026-03-08 00:32:06,471 | GoogleMapsScraper    | INFO     |   [80/200] Extracting: https://www.google.com/maps/place/Chop+Steakhouse+%26+Bar/data=!4m7!3m6!1s0x53a0…
2026-03-08 00:32:16,007 | GoogleMapsScraper    | INFO     |   [81/200] Extracting: https://www.google.com/maps/place/El+Corazon+-+Glenora/data=!4m7!3m6!1s0x53a0218…
2026-03-08 00:32:23,580 | GoogleMapsScraper    | INFO     |   [82/200] Extracting: https://www.google.com/maps/place/Tzin+Wine+%26+Tapas/data=!4m7!3m6!1s0x53a02247…
2026-03-08 00:32:31,030 | GoogleMapsScraper    | INFO     |   [83/200] Extracting: https://www.google.com/maps/place/XIX+Nineteen/data=!4m7!3m6!1s0x53a01e3aa72670d…
2026-03-08 00:32:39,370 | GoogleMapsScraper    | INFO     |   [84/200] Extracting: https://www.google.com/maps/place/DOSC/data=!4m7!3m6!1s0x53a0238cebff8963:0xe49e…
2026-03-08 00:32:48,063 | GoogleMapsScraper    | INFO     |   [85/200] Extracting: https://www.google.com/maps/place/Cactus+Club+Cafe/data=!4m7!3m6!1s0x53a020573a8…
2026-03-08 00:32:57,028 | GoogleMapsScraper    | INFO     |   [86/200] Extracting: https://www.google.com/maps/place/JOEY+South+Common/data=!4m7!3m6!1s0x53a01ec3df…
2026-03-08 00:33:06,080 | GoogleMapsScraper    | INFO     |   [87/200] Extracting: https://www.google.com/maps/place/NV+Restaurant+%26+Bar+-+199+Street/data=!4m7!3…
2026-03-08 00:33:12,618 | GoogleMapsScraper    | INFO     |   [88/200] Extracting: https://www.google.com/maps/place/Five+%26+Dive/data=!4m7!3m6!1s0x53a021979fa736…
2026-03-08 00:33:38,436 | GoogleMapsScraper    | INFO     |   [89/200] Extracting: https://www.google.com/maps/place/Chop+Steakhouse+%26+Bar/data=!4m7!3m6!1s0x53a0…
2026-03-08 00:33:54,987 | GoogleMapsScraper    | INFO     |   [90/200] Extracting: https://www.google.com/maps/place/The+Parlour+Italian+Kitchen+%26+Bar/data=!4m7!…
2026-03-08 00:34:02,786 | GoogleMapsScraper    | INFO     |   [91/200] Extracting: https://www.google.com/maps/place/Tiramisu+Bistro/data=!4m7!3m6!1s0x4163a34aedd7…
2026-03-08 00:34:09,349 | GoogleMapsScraper    | INFO     |   [92/200] Extracting: https://www.google.com/maps/place/The+Glass+Monkey/data=!4m7!3m6!1s0x53a01f50830…
2026-03-08 00:34:16,895 | GoogleMapsScraper    | INFO     |   [93/200] Extracting: https://www.google.com/maps/place/The+Harvest+Room+%26+Terrace/data=!4m7!3m6!1s0…
2026-03-08 00:34:24,694 | GoogleMapsScraper    | INFO     |   [94/200] Extracting: https://www.google.com/maps/place/Sawmill+Prime+Rib+%26+Steak+House/data=!4m7!3m…
2026-03-08 00:34:39,558 | GoogleMapsScraper    | INFO     |   [95/200] Extracting: https://www.google.com/maps/place/VP+Kitchen+and+Lounge/data=!4m7!3m6!1s0x53a019…
2026-03-08 00:34:45,589 | GoogleMapsScraper    | INFO     |   [96/200] Extracting: https://www.google.com/maps/place/Route+99+Diner/data=!4m7!3m6!1s0x53a02212d3569…
2026-03-08 00:35:08,486 | GoogleMapsScraper    | INFO     |   [97/200] Extracting: https://www.google.com/maps/place/Jay+Bee%27s+Diner/data=!4m7!3m6!1s0x53a0251658…
2026-03-08 00:35:17,555 | GoogleMapsScraper    | INFO     |   [98/200] Extracting: https://www.google.com/maps/place/Hathaway%E2%80%99s+Diner+-+Downtown+Edmonton/d…
2026-03-08 00:35:41,456 | GoogleMapsScraper    | INFO     |   [99/200] Extracting: https://www.google.com/maps/place/Ken%27s+Diner/data=!4m7!3m6!1s0x53a03b98819280…
2026-03-08 00:36:01,057 | GoogleMapsScraper    | INFO     |   [100/200] Extracting: https://www.google.com/maps/place/Donna%27s+Eatery/data=!4m7!3m6!1s0x53a0274e861…
2026-03-08 00:36:32,411 | GoogleMapsScraper    | INFO     |   [101/200] Extracting: https://www.google.com/maps/place/Phoenix+Diner/data=!4m7!3m6!1s0x53a023518c7bc4…
2026-03-08 00:37:24,525 | GoogleMapsScraper    | INFO     |   [102/200] Extracting: https://www.google.com/maps/place/Jay+Bee%27s+Beverly/data=!4m7!3m6!1s0x53a03d28…
2026-03-08 00:37:31,391 | GoogleMapsScraper    | INFO     |   [103/200] Extracting: https://www.google.com/maps/place/Brunch+Glory/data=!4m7!3m6!1s0x53a023575dda908…
2026-03-08 00:37:38,661 | GoogleMapsScraper    | INFO     |   [104/200] Extracting: https://www.google.com/maps/place/Urban+Diner/data=!4m7!3m6!1s0x53a0222b071cbc4f…
2026-03-08 00:37:46,643 | GoogleMapsScraper    | INFO     |   [105/200] Extracting: https://www.google.com/maps/place/Pat+%26+Mike%27s+Family+Restaurant/data=!4m7!3…
2026-03-08 00:38:03,175 | GoogleMapsScraper    | INFO     |   [106/200] Extracting: https://www.google.com/maps/place/Ecity+Flame+%28Best+Offer+on+Website%29/data=!…
2026-03-08 00:38:11,301 | GoogleMapsScraper    | INFO     |   [107/200] Extracting: https://www.google.com/maps/place/Canyon+Grill/data=!4m7!3m6!1s0x53a023630059f1b…
2026-03-08 00:38:22,164 | GoogleMapsScraper    | INFO     |   [108/200] Extracting: https://www.google.com/maps/place/Brunch+Glory/data=!4m7!3m6!1s0x53a025f14f88548…
2026-03-08 00:38:36,245 | GoogleMapsScraper    | INFO     |   [109/200] Extracting: https://www.google.com/maps/place/Hathaway%27s+Diner/data=!4m7!3m6!1s0x53a02474c…
2026-03-08 00:38:43,068 | GoogleMapsScraper    | INFO     |   [110/200] Extracting: https://www.google.com/maps/place/Smitty%27s+Family+Restaurant+-+Edmonton+West+E…
2026-03-08 00:38:53,774 | GoogleMapsScraper    | INFO     |   [111/200] Extracting: https://www.google.com/maps/place/Ricky%27s+All+Day+Grill+-+170th+Holiday+Inn/da…
2026-03-08 00:39:03,050 | GoogleMapsScraper    | INFO     |   [112/200] Extracting: https://www.google.com/maps/place/Ricky%27s+All+Day+Grill+-+Mill+Creek/data=!4m7…
2026-03-08 00:39:10,367 | GoogleMapsScraper    | INFO     |   [113/200] Extracting: https://www.google.com/maps/place/Bernardo+Diner/data=!4m7!3m6!1s0x53a019761144c…
2026-03-08 00:39:30,345 | GoogleMapsScraper    | INFO     |   [114/200] Extracting: https://www.google.com/maps/place/Smitty%27s+Restaurant+%26+Lounge+-+Edmonton+Mi…
2026-03-08 00:39:45,191 | GoogleMapsScraper    | INFO     |   [115/200] Extracting: https://www.google.com/maps/place/Gracie%27s+Place+%28Coco%27s+Nest+Family+Resta…
2026-03-08 00:39:53,587 | GoogleMapsScraper    | INFO     |   [116/200] Extracting: https://www.google.com/maps/place/Denny%27s+Restaurant/data=!4m7!3m6!1s0x53a020e…
2026-03-08 00:40:05,805 | GoogleMapsScraper    | INFO     |   [117/200] Extracting: https://www.google.com/maps/place/Ricky%27s+All+Day+Grill+-+South+Common/data=!4…
2026-03-08 00:40:13,203 | GoogleMapsScraper    | INFO     |   [118/200] Extracting: https://www.google.com/maps/place/Studio+99/data=!4m7!3m6!1s0x53a0239a3c8114e9:0…
2026-03-08 00:40:22,527 | GoogleMapsScraper    | INFO     |   [119/200] Extracting: https://www.google.com/maps/place/Harvey%27s/data=!4m7!3m6!1s0x53a02235de527279:…
2026-03-08 00:40:31,911 | GoogleMapsScraper    | INFO     |   [120/200] Extracting: https://www.google.com/maps/place/Rooster+Kitchen+%26+Bar/data=!4m7!3m6!1s0x53a0…
2026-03-08 00:40:41,065 | GoogleMapsScraper    | INFO     |   [121/200] Extracting: https://www.google.com/maps/place/4Monsters+Diner/data=!4m7!3m6!1s0x53a021c05417…
2026-03-08 00:41:00,899 | GoogleMapsScraper    | INFO     |   [122/200] Extracting: https://www.google.com/maps/place/Ricky%27s+All+Day+Grill+-+Gateway/data=!4m7!3m…
2026-03-08 00:41:07,161 | GoogleMapsScraper    | INFO     |   [123/200] Extracting: https://www.google.com/maps/place/Commodore+Restaurant/data=!4m7!3m6!1s0x53a0223…
2026-03-08 00:41:14,713 | GoogleMapsScraper    | INFO     |   [124/200] Extracting: https://www.google.com/maps/place/Riverside+Bistro+Patio+%26+Dining/data=!4m7!3m…
2026-03-08 00:41:22,984 | GoogleMapsScraper    | INFO     |   [125/200] Extracting: https://www.google.com/maps/place/Hap%27s+Hungry+House/data=!4m7!3m6!1s0x53a0210…
2026-03-08 00:41:31,137 | GoogleMapsScraper    | INFO     |   [126/200] Extracting: https://www.google.com/maps/place/Barb+%26+Ernie%27s+Old+Country+Inn/data=!4m7!3…
2026-03-08 00:41:40,174 | GoogleMapsScraper    | INFO     |   [127/200] Extracting: https://www.google.com/maps/place/Lunchbox+Diner/data=!4m7!3m6!1s0x53a0215e9a88b…
2026-03-08 00:41:55,772 | GoogleMapsScraper    | INFO     |   [128/200] Extracting: https://www.google.com/maps/place/Red+Goose+Restaurant/data=!4m7!3m6!1s0x53a018a…
2026-03-08 00:42:05,011 | GoogleMapsScraper    | INFO     |   [129/200] Extracting: https://www.google.com/maps/place/Denny%27s+Restaurant/data=!4m7!3m6!1s0x53a01f2…
2026-03-08 00:42:21,139 | GoogleMapsScraper    | INFO     |   [130/200] Extracting: https://www.google.com/maps/place/Denny%27s+Restaurant/data=!4m7!3m6!1s0x53a0223…
2026-03-08 00:42:28,115 | GoogleMapsScraper    | INFO     |   [131/200] Extracting: https://www.google.com/maps/place/Wayback+Burgers+Restaurant+%26+Bar/data=!4m7!3…
2026-03-08 00:42:38,955 | GoogleMapsScraper    | INFO     |   [132/200] Extracting: https://www.google.com/maps/place/Country+Cookin/data=!4m7!3m6!1s0x53a021152b91e…
2026-03-08 00:42:53,901 | GoogleMapsScraper    | INFO     |   [133/200] Extracting: https://www.google.com/maps/place/Rice+Bowl+Deluxe/data=!4m7!3m6!1s0x53a021bd086…
2026-03-08 00:43:06,138 | GoogleMapsScraper    | INFO     |   [134/200] Extracting: https://www.google.com/maps/place/Denny%27s+Restaurant/data=!4m7!3m6!1s0x53a0191…
2026-03-08 00:43:16,079 | GoogleMapsScraper    | INFO     |   [135/200] Extracting: https://www.google.com/maps/place/All+Happy+Family+Restaurant/data=!4m7!3m6!1s0x…
2026-03-08 00:43:41,036 | GoogleMapsScraper    | INFO     |   [136/200] Extracting: https://www.google.com/maps/place/Edmonton+Wholesale+Market/data=!4m7!3m6!1s0x53…
2026-03-08 00:43:48,730 | GoogleMapsScraper    | INFO     |   [137/200] Extracting: https://www.google.com/maps/place/Real+Canadian+Superstore+137+Avenue/data=!4m7!…
2026-03-08 00:44:17,085 | GoogleMapsScraper    | INFO     |   [138/200] Extracting: https://www.google.com/maps/place/T%26T+Supermarket+Edmonton+Store/data=!4m7!3m6…
2026-03-08 00:44:38,336 | GoogleMapsScraper    | INFO     |   [139/200] Extracting: https://www.google.com/maps/place/Freson+Bros.+Fresh+Market+Glenora/data=!4m7!3m…
2026-03-08 00:44:48,826 | GoogleMapsScraper    | INFO     |   [140/200] Extracting: https://www.google.com/maps/place/Empanada+Convenience+Store/data=!4m7!3m6!1s0x5…
2026-03-08 00:45:00,843 | GoogleMapsScraper    | INFO     |   [141/200] Extracting: https://www.google.com/maps/place/Wanda+Wholesale+Food+Ltd/data=!4m7!3m6!1s0x53a…
2026-03-08 00:45:08,668 | GoogleMapsScraper    | INFO     |   [142/200] Extracting: https://www.google.com/maps/place/Sunterra+Market,+Lendrum/data=!4m7!3m6!1s0x53a…
2026-03-08 00:45:15,497 | GoogleMapsScraper    | INFO     |   [143/200] Extracting: https://www.google.com/maps/place/FreshCo+Heritage/data=!4m7!3m6!1s0x53a01fcc397…
2026-03-08 00:45:29,989 | GoogleMapsScraper    | INFO     |   [144/200] Extracting: https://www.google.com/maps/place/Real+Canadian+Superstore+Windermere+Way/data=!…
2026-03-08 00:45:36,038 | GoogleMapsScraper    | INFO     |   [145/200] Extracting: https://www.google.com/maps/place/Real+Canadian+Superstore+Kingsway+Avenue/data=…
2026-03-08 00:45:42,479 | GoogleMapsScraper    | INFO     |   [146/200] Extracting: https://www.google.com/maps/place/Save-On-Foods/data=!4m7!3m6!1s0x53a0223703de4f…
2026-03-08 00:45:54,267 | GoogleMapsScraper    | INFO     |   [147/200] Extracting: https://www.google.com/maps/place/Real+Canadian+Superstore+Stony+Plain+Road/data…
2026-03-08 00:46:02,174 | GoogleMapsScraper    | INFO     |   [148/200] Extracting: https://www.google.com/maps/place/Mi+Casa+Market/data=!4m7!3m6!1s0x53a01e9844e0c…
2026-03-08 00:46:13,972 | GoogleMapsScraper    | INFO     |   [149/200] Extracting: https://www.google.com/maps/place/L%27OCA+Quality+Market/data=!4m7!3m6!1s0x53a02…
2026-03-08 00:46:37,448 | GoogleMapsScraper    | INFO     |   [150/200] Extracting: https://www.google.com/maps/place/Tropical+House+Food+Market/data=!4m7!3m6!1s0x5…
2026-03-08 00:46:46,484 | GoogleMapsScraper    | INFO     |   [151/200] Extracting: https://www.google.com/maps/place/Blush+Lane+Organic+Market+Whyte+Ave/data=!4m7!…
2026-03-08 00:47:05,892 | GoogleMapsScraper    | INFO     |   [152/200] Extracting: https://www.google.com/maps/place/H-Mart/data=!4m7!3m6!1s0x53a01f6b05464bb5:0xdf…
2026-03-08 00:47:16,335 | GoogleMapsScraper    | INFO     |   [153/200] Extracting: https://www.google.com/maps/place/European+Market+%26+Produce/data=!4m7!3m6!1s0x…
2026-03-08 00:47:38,989 | GoogleMapsScraper    | INFO     |   [154/200] Extracting: https://www.google.com/maps/place/Italian+Centre+Shop+Ltd./data=!4m7!3m6!1s0x53a…
2026-03-08 00:47:45,946 | GoogleMapsScraper    | INFO     |   [155/200] Extracting: https://www.google.com/maps/place/Corner+91/data=!4m7!3m6!1s0x53a0236fbb940b47:0…
2026-03-08 00:47:54,839 | GoogleMapsScraper    | INFO     |   [156/200] Extracting: https://www.google.com/maps/place/Spice+Island+Edmonton/data=!4m7!3m6!1s0x53a021…
2026-03-08 00:48:04,235 | GoogleMapsScraper    | INFO     |   [157/200] Extracting: https://www.google.com/maps/place/Elsafadi+Mediterranean+Supermarket/data=!4m7!3…
2026-03-08 00:48:13,182 | GoogleMapsScraper    | INFO     |   [158/200] Extracting: https://www.google.com/maps/place/Community+Natural+Foods/data=!4m7!3m6!1s0x53a0…
2026-03-08 00:48:30,013 | GoogleMapsScraper    | INFO     |   [159/200] Extracting: https://www.google.com/maps/place/Brook%27s+NOFRILLS+Edmonton/data=!4m7!3m6!1s0x…
2026-03-08 00:48:37,548 | GoogleMapsScraper    | INFO     |   [160/200] Extracting: https://www.google.com/maps/place/Shaheen+Grocery+%26+Bakery/data=!4m7!3m6!1s0x5…
2026-03-08 00:48:48,602 | GoogleMapsScraper    | INFO     |   [161/200] Extracting: https://www.google.com/maps/place/Spice+Centre/data=!4m7!3m6!1s0x53a01ed5396e231…
2026-03-08 00:48:57,756 | GoogleMapsScraper    | INFO     |   [162/200] Extracting: https://www.google.com/maps/place/Central+City+Market+%26+Caf%C3%A9/data=!4m7!3m…
2026-03-08 00:49:13,759 | GoogleMapsScraper    | INFO     |   [163/200] Extracting: https://www.google.com/maps/place/Mother+Hubbard+Food+Stuff+Ltd/data=!4m7!3m6!1s…
2026-03-08 00:49:27,346 | GoogleMapsScraper    | INFO     |   [164/200] Extracting: https://www.google.com/maps/place/Paraiso+Tropical+-+Latin+Market+North/data=!4m…
2026-03-08 00:49:37,549 | GoogleMapsScraper    | INFO     |   [165/200] Extracting: https://www.google.com/maps/place/99+Supermarket+Ltd./data=!4m7!3m6!1s0x53a02252…
2026-03-08 00:49:45,671 | GoogleMapsScraper    | INFO     |   [166/200] Extracting: https://www.google.com/maps/place/Lucky+Supermarket/data=!4m7!3m6!1s0x53a0247024…
2026-03-08 00:49:53,562 | GoogleMapsScraper    | INFO     |   [167/200] Extracting: https://www.google.com/maps/place/Save-On-Foods/data=!4m7!3m6!1s0x53a02205f91c0c…
2026-03-08 00:50:18,006 | GoogleMapsScraper    | INFO     |   [168/200] Extracting: https://www.google.com/maps/place/FreshCo+Lewis+Estates/data=!4m7!3m6!1s0x53a020…
2026-03-08 00:50:26,070 | GoogleMapsScraper    | INFO     |   [169/200] Extracting: https://www.google.com/maps/place/Co-op+Food+Store+%28Hawkstone%29/data=!4m7!3m6…
2026-03-08 00:50:34,242 | GoogleMapsScraper    | INFO     |   [170/200] Extracting: https://www.google.com/maps/place/WestGate+Halal+Meat+%26+Deli%2F+Mediterranean+…
2026-03-08 00:50:44,047 | GoogleMapsScraper    | INFO     |   [171/200] Extracting: https://www.google.com/maps/place/7+Heaven+Food+Store/data=!4m7!3m6!1s0x53a023cb…
2026-03-08 00:50:59,829 | GoogleMapsScraper    | INFO     |   [172/200] Extracting: https://www.google.com/maps/place/Loblaws+City+Market+Ice+District/data=!4m7!3m6…
2026-03-08 00:51:09,165 | GoogleMapsScraper    | INFO     |   [173/200] Extracting: https://www.google.com/maps/place/Sobeys+-+Namao/data=!4m7!3m6!1s0x53a024c66c749…
2026-03-08 00:51:19,322 | GoogleMapsScraper    | INFO     |   [174/200] Extracting: https://www.google.com/maps/place/Seafood+City+Supermarket/data=!4m7!3m6!1s0x53a…
2026-03-08 00:51:38,909 | GoogleMapsScraper    | INFO     |   [175/200] Extracting: https://www.google.com/maps/place/Real+Canadian+Superstore+Calgary+Trail/data=!4…
2026-03-08 00:51:49,623 | GoogleMapsScraper    | INFO     |   [176/200] Extracting: https://www.google.com/maps/place/Freson+Bros.+Fresh+Market+Rabbit+Hill/data=!4m…
2026-03-08 00:52:02,311 | GoogleMapsScraper    | INFO     |   [177/200] Extracting: https://www.google.com/maps/place/United+grocers+supermarket/data=!4m7!3m6!1s0x5…
2026-03-08 00:52:13,618 | GoogleMapsScraper    | INFO     |   [178/200] Extracting: https://www.google.com/maps/place/M%26M+Food+Market/data=!4m7!3m6!1s0x53a021b2ec…
2026-03-08 00:52:22,168 | GoogleMapsScraper    | INFO     |   [179/200] Extracting: https://www.google.com/maps/place/Village+Foods/data=!4m7!3m6!1s0x53a01f9f0399dd…
2026-03-08 00:52:34,779 | GoogleMapsScraper    | INFO     |   [180/200] Extracting: https://www.google.com/maps/place/Yanta+Food+Market/data=!4m7!3m6!1s0x53a023c3b8…
2026-03-08 00:52:43,680 | GoogleMapsScraper    | INFO     |   [181/200] Extracting: https://www.google.com/maps/place/London+Drugs/data=!4m7!3m6!1s0x53a023618e5958a…
2026-03-08 00:52:55,706 | GoogleMapsScraper    | INFO     |   [182/200] Extracting: https://www.google.com/maps/place/Lucky+Supermarket/data=!4m7!3m6!1s0x53a01f0050…
2026-03-08 00:53:08,692 | GoogleMapsScraper    | INFO     |   [183/200] Extracting: https://www.google.com/maps/place/Martin+Food+Store/data=!4m7!3m6!1s0x53a0210e8c…
2026-03-08 00:53:25,684 | GoogleMapsScraper    | INFO     |   [184/200] Extracting: https://www.google.com/maps/place/Everything+Healthy+and+More/data=!4m7!3m6!1s0x…
2026-03-08 00:53:34,715 | GoogleMapsScraper    | INFO     |   [185/200] Extracting: https://www.google.com/maps/place/Safeway+Meadowlark/data=!4m7!3m6!1s0x53a021b3a…
2026-03-08 00:53:45,969 | GoogleMapsScraper    | INFO     |   [186/200] Extracting: https://www.google.com/maps/place/Jag+Sari+Sari+Store/data=!4m7!3m6!1s0x53a02066…
2026-03-08 00:53:54,797 | GoogleMapsScraper    | INFO     |   [187/200] Extracting: https://www.google.com/maps/place/Daily+Bazar+Halal+Meat+%26+Grocery/data=!4m7!3…
2026-03-08 00:54:04,790 | GoogleMapsScraper    | INFO     |   [188/200] Extracting: https://www.google.com/maps/place/Kim+Fat+Market+Ltd/data=!4m7!3m6!1s0x53a022527…
2026-03-08 00:54:13,816 | GoogleMapsScraper    | INFO     |   [189/200] Extracting: https://www.google.com/maps/place/Italian+Centre+Shop+Southside+Ltd./data=!4m7!3…
2026-03-08 00:54:20,526 | GoogleMapsScraper    | INFO     |   [190/200] Extracting: https://www.google.com/maps/place/Zad+Market+Edmonton/data=!4m7!3m6!1s0x53a01900…
2026-03-08 00:54:47,348 | GoogleMapsScraper    | INFO     |   [191/200] Extracting: https://www.google.com/maps/place/National+food+market+ltd./data=!4m7!3m6!1s0x53…
2026-03-08 00:54:56,336 | GoogleMapsScraper    | INFO     |   [192/200] Extracting: https://www.google.com/maps/place/H+MART/data=!4m7!3m6!1s0x53a021ae14be2435:0x47…
2026-03-08 00:55:07,038 | GoogleMapsScraper    | INFO     |   [193/200] Extracting: https://www.google.com/maps/place/YOUR+SPOT+GROCERY/data=!4m7!3m6!1s0x53a021ccbf…
2026-03-08 00:55:13,886 | GoogleMapsScraper    | INFO     |   [194/200] Extracting: https://www.google.com/maps/place/Glenora+Food+Mart+%26+Postal+Outlet/data=!4m7!…
2026-03-08 00:55:30,965 | GoogleMapsScraper    | INFO     |   [195/200] Extracting: https://www.google.com/maps/place/FreshCo+Coliseum/data=!4m7!3m6!1s0x53a023b45c5…
2026-03-08 00:55:55,572 | GoogleMapsScraper    | INFO     |   [196/200] Extracting: https://www.google.com/maps/place/Stadium+Foods/data=!4m7!3m6!1s0x53a023aa32d81c…
2026-03-08 00:56:03,849 | GoogleMapsScraper    | INFO     |   [197/200] Extracting: https://www.google.com/maps/place/SADAQAT+SUPER+MARKET/data=!4m7!3m6!1s0x53a01f6…
2026-03-08 00:56:19,193 | GoogleMapsScraper    | INFO     |   [198/200] Extracting: https://www.google.com/maps/place/Sobeys+-+Millwoods+Common/data=!4m7!3m6!1s0x53…
2026-03-08 00:56:27,195 | GoogleMapsScraper    | INFO     |   [199/200] Extracting: https://www.google.com/maps/place/Save-On-Foods/data=!4m7!3m6!1s0x53a01f26600560…
2026-03-08 00:56:47,194 | GoogleMapsScraper    | INFO     |   [200/200] Extracting: https://www.google.com/maps/place/ETHIOPIAN+FOOD+STORE+%2F+Kwiki+Mart/data=!4m7!…
2026-03-08 00:57:10,689 | leadparser.main      | INFO     |   -> 200 raw leads for 'food'; running total: 200
2026-03-08 00:57:12,049 | scrapers.supplementary | INFO     | Enriching 0 leads missing phone numbers (out of 200 total)
2026-03-08 00:57:12,170 | leadparser.main      | INFO     | Filters applied: 200 raw -> 17 passed
2026-03-08 00:57:12,298 | leadparser.main      | WARNING  | Only 17/50 leads available after filters — Google Maps may have fewer listings for this niche/city.
2026-03-08 00:57:13,273 | leadparser.supabase  | INFO     | Chunk 1: 17 new, 0 dupes
2026-03-08 00:57:13,273 | leadparser.main      | INFO     | Supabase insert: 17 new, 0 dupes, 0 errors
2026-03-08 00:57:13,571 | leadparser.main      | INFO     | CSV export: 42 leads -> data\leads_20260308_005713.csv
2026-03-08 00:57:13,571 | leadparser.supabase  | INFO     | Session complete | stats: {'niches': 1, 'raw_total': 200, 'total': 17, 'new': 17, 'duplicates': 0, 'errors': 0, 'csv_path': 'data\\leads_20260308_005713.csv'}
2026-03-08 00:57:13,700 | leadparser.main      | INFO     | Total runtime: 2489s
2026-03-08 00:57:13,840 | uc                   | INFO     | ensuring close
