2026-03-07 11:13:00,680 | leadparser.main      | INFO     | LeadParser started | log: logs\leadparser_20260307_111300.log
2026-03-07 11:13:01,267 | leadparser.main      | INFO     | Live log streaming active — job 0ef87036
2026-03-07 11:13:02,121 | leadparser.supabase  | INFO     | Supabase client initialised
2026-03-07 11:13:02,121 | leadparser.supabase  | INFO     | Session 20260307_111302 | niches: ['Restaurants'] | city: edmonton
2026-03-07 11:13:02,121 | leadparser.main      | INFO     | Session #20260307_111302 | 1 niche(s) | location: edmonton, Alberta | target: 50 filtered leads
2026-03-07 11:13:11,606 | uc                   | INFO     | setting properties for headless
2026-03-07 11:13:11,894 | GoogleMapsScraper    | INFO     | Browser started (undetected-chromedriver)
2026-03-07 11:13:11,894 | GoogleMapsScraper    | INFO     | Searching Google Maps: 'Restaurants in edmonton, Alberta'
2026-03-07 11:13:53,741 | GoogleMapsScraper    | INFO     | Found 62 listings for 'Restaurants'
2026-03-07 11:13:53,893 | GoogleMapsScraper    | INFO     |   [1/62] Extracting: https://www.google.com/maps/place/The+Second+Chef/data=!4m7!3m6!1s0x53a01efe82cc…
2026-03-07 11:14:00,195 | GoogleMapsScraper    | INFO     |   [2/62] Extracting: https://www.google.com/maps/place/Little+Wolf+Restaurant/data=!4m7!3m6!1s0x53a02…
2026-03-07 11:14:06,507 | GoogleMapsScraper    | INFO     |   [3/62] Extracting: https://www.google.com/maps/place/Le+Petit+Chef+-+Edmonton/data=!4m7!3m6!1s0x53a…
2026-03-07 11:14:14,072 | GoogleMapsScraper    | INFO     |   [4/62] Extracting: https://www.google.com/maps/place/Culinary+Unicorn+Kitchen+%26+Bar/data=!4m7!3m6…
2026-03-07 11:14:23,165 | GoogleMapsScraper    | INFO     |   [5/62] Extracting: https://www.google.com/maps/place/Sabor+Restaurant/data=!4m7!3m6!1s0x53a0224890e…
2026-03-07 11:14:31,351 | GoogleMapsScraper    | INFO     |   [6/62] Extracting: https://www.google.com/maps/place/Zula+Kitchen+%7C+Wine+Bar/data=!4m7!3m6!1s0x53…
2026-03-07 11:14:38,835 | GoogleMapsScraper    | INFO     |   [7/62] Extracting: https://www.google.com/maps/place/Happy+and+Olive/data=!4m7!3m6!1s0x53a02141cf08…
2026-03-07 11:14:46,580 | GoogleMapsScraper    | INFO     |   [8/62] Extracting: https://www.google.com/maps/place/Evario+Kitchen+%2B+Bar/data=!4m7!3m6!1s0x53a01…
2026-03-07 11:14:54,158 | GoogleMapsScraper    | INFO     |   [9/62] Extracting: https://www.google.com/maps/place/Bistro+Praha/data=!4m7!3m6!1s0x53a02246726bf74…
2026-03-07 11:15:01,717 | GoogleMapsScraper    | INFO     |   [10/62] Extracting: https://www.google.com/maps/place/Bernadette%E2%80%99s/data=!4m7!3m6!1s0x53a0230…
2026-03-07 11:15:09,580 | GoogleMapsScraper    | INFO     |   [11/62] Extracting: https://www.google.com/maps/place/La+Ronde+Revolving+Restaurant/data=!4m7!3m6!1s…
2026-03-07 11:15:16,753 | GoogleMapsScraper    | INFO     |   [12/62] Extracting: https://www.google.com/maps/place/Aliments+Kitchen/data=!4m7!3m6!1s0x53a021cdc23…
2026-03-07 11:15:24,951 | GoogleMapsScraper    | INFO     |   [13/62] Extracting: https://www.google.com/maps/place/Flame+%26+Barrel+Restaurant+and+Bar/data=!4m7!…
2026-03-07 11:15:32,794 | GoogleMapsScraper    | INFO     |   [14/62] Extracting: https://www.google.com/maps/place/Arbour+on+Whyte/data=!4m7!3m6!1s0x53a0231d6b60…
2026-03-07 11:15:40,206 | GoogleMapsScraper    | INFO     |   [15/62] Extracting: https://www.google.com/maps/place/Tzin+Wine+%26+Tapas/data=!4m7!3m6!1s0x53a02247…
2026-03-07 11:15:48,215 | GoogleMapsScraper    | INFO     |   [16/62] Extracting: https://www.google.com/maps/place/DaDeO/data=!4m7!3m6!1s0x53a0220535001db1:0x8d7…
2026-03-07 11:15:56,176 | GoogleMapsScraper    | INFO     |   [17/62] Extracting: https://www.google.com/maps/place/Normand%27s+Restaurant/data=!4m7!3m6!1s0x53a02…
2026-03-07 11:16:03,558 | GoogleMapsScraper    | INFO     |   [18/62] Extracting: https://www.google.com/maps/place/Rge+Rd/data=!4m7!3m6!1s0x53a023d233a60ab7:0xe5…
2026-03-07 11:16:11,417 | GoogleMapsScraper    | INFO     |   [19/62] Extracting: https://www.google.com/maps/place/A+Food+Fair+Restaurant/data=!4m7!3m6!1s0x53a02…
2026-03-07 11:16:20,732 | GoogleMapsScraper    | INFO     |   [20/62] Extracting: https://www.google.com/maps/place/Cafe+Amore+Bistro/data=!4m7!3m6!1s0x53a0230dc5…
2026-03-07 11:16:30,246 | GoogleMapsScraper    | INFO     |   [21/62] Extracting: https://www.google.com/maps/place/La+Petite+Iza/data=!4m7!3m6!1s0x53a023d13afb03…
2026-03-07 11:16:39,750 | GoogleMapsScraper    | INFO     |   [22/62] Extracting: https://www.google.com/maps/place/Taste+Of+Persia+Restaurant/data=!4m7!3m6!1s0x5…
2026-03-07 11:16:46,812 | GoogleMapsScraper    | INFO     |   [23/62] Extracting: https://www.google.com/maps/place/Poulet+Rouge/data=!4m7!3m6!1s0x53a0213858f3853…
2026-03-07 11:16:55,046 | GoogleMapsScraper    | INFO     |   [24/62] Extracting: https://www.google.com/maps/place/A%C3%B1ejo+Restaurant/data=!4m7!3m6!1s0x53a023…
2026-03-07 11:17:05,872 | GoogleMapsScraper    | INFO     |   [25/62] Extracting: https://www.google.com/maps/place/Golden+Sparrow+Cocktail+and+Tapas+Bar/data=!4m…
2026-03-07 11:17:20,355 | GoogleMapsScraper    | INFO     |   [26/62] Extracting: https://www.google.com/maps/place/Ichiban/data=!4m7!3m6!1s0x53a021b74dc71c6d:0x3…
2026-03-07 11:17:26,871 | GoogleMapsScraper    | INFO     |   [27/62] Extracting: https://www.google.com/maps/place/Five+%26+Dive/data=!4m7!3m6!1s0x53a021979fa736…
2026-03-07 11:17:35,191 | GoogleMapsScraper    | INFO     |   [28/62] Extracting: https://www.google.com/maps/place/Woodwork/data=!4m7!3m6!1s0x53a02245be4c9a55:0x…
2026-03-07 11:17:45,226 | GoogleMapsScraper    | INFO     |   [29/62] Extracting: https://www.google.com/maps/place/Nuovo+Bistro/data=!4m7!3m6!1s0x53a023d1792d932…
2026-03-07 11:17:53,240 | GoogleMapsScraper    | INFO     |   [30/62] Extracting: https://www.google.com/maps/place/Gracie%27s+Place+%28Coco%27s+Nest+Family+Resta…
2026-03-07 11:18:02,075 | GoogleMapsScraper    | INFO     |   [31/62] Extracting: https://www.google.com/maps/place/Allegro+Italian+Kitchen/data=!4m7!3m6!1s0x53a0…
2026-03-07 11:18:09,189 | GoogleMapsScraper    | INFO     |   [32/62] Extracting: https://www.google.com/maps/place/JOEY+Bell+Tower/data=!4m7!3m6!1s0x53a0224f3d64…
2026-03-07 11:18:19,318 | GoogleMapsScraper    | INFO     |   [33/62] Extracting: https://www.google.com/maps/place/May/data=!4m7!3m6!1s0x53a0236cab3c49df:0xc0a72…
2026-03-07 11:18:26,944 | GoogleMapsScraper    | INFO     |   [34/62] Extracting: https://www.google.com/maps/place/JOEY+Mayfield/data=!4m7!3m6!1s0x53a0211cfd54c2…
2026-03-07 11:18:34,274 | GoogleMapsScraper    | INFO     |   [35/62] Extracting: https://www.google.com/maps/place/Pharaohs+Restaurant/data=!4m7!3m6!1s0x53a01f5b…
2026-03-07 11:18:42,451 | GoogleMapsScraper    | INFO     |   [36/62] Extracting: https://www.google.com/maps/place/Atlas+Steak+%2B+Fish/data=!4m7!3m6!1s0x53a021c…
2026-03-07 11:18:50,380 | GoogleMapsScraper    | INFO     |   [37/62] Extracting: https://www.google.com/maps/place/Partake/data=!4m7!3m6!1s0x53a0234d9903af47:0x3…
2026-03-07 11:19:06,191 | GoogleMapsScraper    | INFO     |   [38/62] Extracting: https://www.google.com/maps/place/NV+Restaurant+%26+Bar+-+199+Street/data=!4m7!3…
2026-03-07 11:19:12,528 | GoogleMapsScraper    | INFO     |   [39/62] Extracting: https://www.google.com/maps/place/Rockin%27+Robyn%27s/data=!4m7!3m6!1s0x53a0213d…
2026-03-07 11:19:19,888 | GoogleMapsScraper    | INFO     |   [40/62] Extracting: https://www.google.com/maps/place/B%C3%BCndok/data=!4m7!3m6!1s0x53a02248f713e49d…
2026-03-07 11:19:28,916 | GoogleMapsScraper    | INFO     |   [41/62] Extracting: https://www.google.com/maps/place/Highlevel+Diner/data=!4m7!3m6!1s0x53a022193cfc…
2026-03-07 11:19:41,084 | GoogleMapsScraper    | INFO     |   [42/62] Extracting: https://www.google.com/maps/place/Mikado+Westside/data=!4m7!3m6!1s0x53a020fd086a…
2026-03-07 11:19:49,192 | GoogleMapsScraper    | INFO     |   [43/62] Extracting: https://www.google.com/maps/place/El+Corazon+-+Glenora/data=!4m7!3m6!1s0x53a0218…
2026-03-07 11:19:57,107 | GoogleMapsScraper    | INFO     |   [44/62] Extracting: https://www.google.com/maps/place/Pazzo+Pazzo+Trattoria/data=!4m7!3m6!1s0x53a022…
2026-03-07 11:20:07,318 | GoogleMapsScraper    | INFO     |   [45/62] Extracting: https://www.google.com/maps/place/P%C3%BCr+%26+Simple/data=!4m7!3m6!1s0x53a023dc…
2026-03-07 11:20:14,593 | GoogleMapsScraper    | INFO     |   [46/62] Extracting: https://www.google.com/maps/place/Classic+Indian+Restaurant+%26+Bar/data=!4m7!3m…
2026-03-07 11:20:25,320 | GoogleMapsScraper    | INFO     |   [47/62] Extracting: https://www.google.com/maps/place/Cactus+Club+Cafe/data=!4m7!3m6!1s0x53a020573a8…
2026-03-07 11:20:39,336 | GoogleMapsScraper    | INFO     |   [48/62] Extracting: https://www.google.com/maps/place/Saffron+Indian+Cuisine+West+Edmonton/data=!4m7…
2026-03-07 11:20:48,213 | GoogleMapsScraper    | INFO     |   [49/62] Extracting: https://www.google.com/maps/place/Darling/data=!4m7!3m6!1s0x53a023f2f6b3ca23:0xa…
2026-03-07 11:20:59,565 | GoogleMapsScraper    | INFO     |   [50/62] Extracting: https://www.google.com/maps/place/Pip/data=!4m7!3m6!1s0x53a0220fde998bdd:0x20437…
2026-03-07 11:21:09,139 | GoogleMapsScraper    | INFO     |   [51/62] Extracting: https://www.google.com/maps/place/Vaticano+Cucina/data=!4m7!3m6!1s0x53a01f35ad03…
2026-03-07 11:21:26,476 | GoogleMapsScraper    | INFO     |   [52/62] Extracting: https://www.google.com/maps/place/Under+The+High+Wheel/data=!4m7!3m6!1s0x53a0220…
2026-03-07 11:21:34,330 | GoogleMapsScraper    | INFO     |   [53/62] Extracting: https://www.google.com/maps/place/Pampa+Brazilian+Steakhouse/data=!4m7!3m6!1s0x5…
2026-03-07 11:21:42,253 | GoogleMapsScraper    | INFO     |   [54/62] Extracting: https://www.google.com/maps/place/Monsoon+Bistro+%26+Bar/data=!4m7!3m6!1s0x53a01…
2026-03-07 11:21:53,519 | GoogleMapsScraper    | INFO     |   [55/62] Extracting: https://www.google.com/maps/place/Aurora+Lounge/data=!4m7!3m6!1s0x53a01f346bf5f1…
2026-03-07 11:22:00,871 | GoogleMapsScraper    | INFO     |   [56/62] Extracting: https://www.google.com/maps/place/Rita+Trattoria/data=!4m7!3m6!1s0x53a023c2fd0a6…
2026-03-07 11:22:11,533 | GoogleMapsScraper    | INFO     |   [57/62] Extracting: https://www.google.com/maps/place/Riverside+Bistro+Patio+%26+Dining/data=!4m7!3m…
2026-03-07 11:22:18,870 | GoogleMapsScraper    | INFO     |   [58/62] Extracting: https://www.google.com/maps/place/Olia/data=!4m7!3m6!1s0x53a0222ea89b86e5:0xf2c1…
2026-03-07 11:22:26,885 | GoogleMapsScraper    | INFO     |   [59/62] Extracting: https://www.google.com/maps/place/Vivo+Ristorante+Westend/data=!4m7!3m6!1s0x539f…
2026-03-07 11:22:39,889 | GoogleMapsScraper    | INFO     |   [60/62] Extracting: https://www.google.com/maps/place/The+Old+Spaghetti+Factory+%28Downtown+Edmonton…
2026-03-07 11:22:56,028 | GoogleMapsScraper    | INFO     |   [61/62] Extracting: https://www.google.com/maps/place/The+Harvest+Room+%26+Terrace/data=!4m7!3m6!1s0…
2026-03-07 11:23:09,071 | GoogleMapsScraper    | INFO     |   [62/62] Extracting: https://www.google.com/maps/place/Continental+Treat+Fine+Bistro/data=!4m7!3m6!1s…
2026-03-07 11:23:20,972 | leadparser.main      | INFO     |   -> 62 raw leads for 'Restaurants'; running total: 62
2026-03-07 11:23:24,056 | scrapers.supplementary | INFO     | Enriching 0 leads missing phone numbers (out of 62 total)
2026-03-07 11:23:24,192 | leadparser.main      | INFO     | Filters applied: 62 raw -> 1 passed
2026-03-07 11:23:24,409 | leadparser.main      | WARNING  | Only 1/50 leads available after filters — Google Maps may have fewer listings for this niche/city.
2026-03-07 11:23:25,070 | leadparser.supabase  | ERROR    | Bulk insert chunk failed: {'message': "Could not find the 'email' column of 'leads' in the schema cache", 'code': 'PGRST204', 'hint': None, 'details': None}
2026-03-07 11:23:25,070 | leadparser.main      | INFO     | Supabase insert: 0 new, 0 dupes, 1 errors
2026-03-07 11:23:25,335 | leadparser.main      | INFO     | CSV export: 25 leads -> data\leads_20260307_112325.csv
2026-03-07 11:23:25,335 | leadparser.supabase  | INFO     | Session complete | stats: {'niches': 1, 'raw_total': 62, 'total': 1, 'new': 0, 'duplicates': 0, 'errors': 1, 'csv_path': 'data\\leads_20260307_112325.csv'}
2026-03-07 11:23:25,447 | leadparser.main      | INFO     | Total runtime: 624s
2026-03-07 11:23:25,580 | uc                   | INFO     | ensuring close
